<?xml version="1.0" encoding="UTF-8"?>
<testsuite name="com.krcombasic.ipe.springboot.domain.posts.PostsRepositoryTest" tests="1" skipped="0" failures="0" errors="0" timestamp="2021-06-18T07:34:50" hostname="DESKTOP-KIK68L9" time="0.872">
  <properties/>
  <testcase name="게시글저장_불러오기" classname="com.krcombasic.ipe.springboot.domain.posts.PostsRepositoryTest" time="0.872"/>
  <system-out><![CDATA[16:34:36.265 [Test worker] DEBUG org.springframework.test.context.junit4.SpringJUnit4ClassRunner - SpringJUnit4ClassRunner constructor called with [class com.krcombasic.ipe.springboot.domain.posts.PostsRepositoryTest]
16:34:36.296 [Test worker] DEBUG org.springframework.test.context.BootstrapUtils - Instantiating CacheAwareContextLoaderDelegate from class [org.springframework.test.context.cache.DefaultCacheAwareContextLoaderDelegate]
16:34:36.327 [Test worker] DEBUG org.springframework.test.context.BootstrapUtils - Instantiating BootstrapContext using constructor [public org.springframework.test.context.support.DefaultBootstrapContext(java.lang.Class,org.springframework.test.context.CacheAwareContextLoaderDelegate)]
16:34:36.374 [Test worker] DEBUG org.springframework.test.context.BootstrapUtils - Instantiating TestContextBootstrapper for test class [com.krcombasic.ipe.springboot.domain.posts.PostsRepositoryTest] from class [org.springframework.boot.test.context.SpringBootTestContextBootstrapper]
16:34:36.421 [Test worker] INFO org.springframework.boot.test.context.SpringBootTestContextBootstrapper - Neither @ContextConfiguration nor @ContextHierarchy found for test class [com.krcombasic.ipe.springboot.domain.posts.PostsRepositoryTest], using SpringBootContextLoader
16:34:36.421 [Test worker] DEBUG org.springframework.test.context.support.AbstractContextLoader - Did not detect default resource location for test class [com.krcombasic.ipe.springboot.domain.posts.PostsRepositoryTest]: class path resource [com/krcombasic/ipe/springboot/domain/posts/PostsRepositoryTest-context.xml] does not exist
16:34:36.437 [Test worker] DEBUG org.springframework.test.context.support.AbstractContextLoader - Did not detect default resource location for test class [com.krcombasic.ipe.springboot.domain.posts.PostsRepositoryTest]: class path resource [com/krcombasic/ipe/springboot/domain/posts/PostsRepositoryTestContext.groovy] does not exist
16:34:36.437 [Test worker] INFO org.springframework.test.context.support.AbstractContextLoader - Could not detect default resource locations for test class [com.krcombasic.ipe.springboot.domain.posts.PostsRepositoryTest]: no resource found for suffixes {-context.xml, Context.groovy}.
16:34:36.437 [Test worker] INFO org.springframework.test.context.support.AnnotationConfigContextLoaderUtils - Could not detect default configuration classes for test class [com.krcombasic.ipe.springboot.domain.posts.PostsRepositoryTest]: PostsRepositoryTest does not declare any static, non-private, non-final, nested classes annotated with @Configuration.
16:34:36.577 [Test worker] DEBUG org.springframework.test.context.support.ActiveProfilesUtils - Could not find an 'annotation declaring class' for annotation type [org.springframework.test.context.ActiveProfiles] and class [com.krcombasic.ipe.springboot.domain.posts.PostsRepositoryTest]
16:34:36.765 [Test worker] DEBUG org.springframework.context.annotation.ClassPathScanningCandidateComponentProvider - Identified candidate component class: file [C:\Users\goo3b\Desktop\krcombasic\build\classes\java\main\com\krcombasic\ipe\springboot\Application.class]
16:34:36.780 [Test worker] INFO org.springframework.boot.test.context.SpringBootTestContextBootstrapper - Found @SpringBootConfiguration com.krcombasic.ipe.springboot.Application for test class com.krcombasic.ipe.springboot.domain.posts.PostsRepositoryTest
16:34:37.062 [Test worker] DEBUG org.springframework.boot.test.context.SpringBootTestContextBootstrapper - @TestExecutionListeners is not present for class [com.krcombasic.ipe.springboot.domain.posts.PostsRepositoryTest]: using defaults.
16:34:37.062 [Test worker] INFO org.springframework.boot.test.context.SpringBootTestContextBootstrapper - Loaded default TestExecutionListener class names from location [META-INF/spring.factories]: [org.springframework.boot.test.autoconfigure.restdocs.RestDocsTestExecutionListener, org.springframework.boot.test.autoconfigure.web.client.MockRestServiceServerResetTestExecutionListener, org.springframework.boot.test.autoconfigure.web.servlet.MockMvcPrintOnlyOnFailureTestExecutionListener, org.springframework.boot.test.autoconfigure.web.servlet.WebDriverTestExecutionListener, org.springframework.boot.test.mock.mockito.MockitoTestExecutionListener, org.springframework.boot.test.mock.mockito.ResetMocksTestExecutionListener, org.springframework.test.context.web.ServletTestExecutionListener, org.springframework.test.context.support.DirtiesContextBeforeModesTestExecutionListener, org.springframework.test.context.support.DependencyInjectionTestExecutionListener, org.springframework.test.context.support.DirtiesContextTestExecutionListener, org.springframework.test.context.transaction.TransactionalTestExecutionListener, org.springframework.test.context.jdbc.SqlScriptsTestExecutionListener]
16:34:37.124 [Test worker] INFO org.springframework.boot.test.context.SpringBootTestContextBootstrapper - Using TestExecutionListeners: [org.springframework.test.context.web.ServletTestExecutionListener@11749920, org.springframework.test.context.support.DirtiesContextBeforeModesTestExecutionListener@5bce3b25, org.springframework.boot.test.mock.mockito.MockitoTestExecutionListener@71a29e69, org.springframework.boot.test.autoconfigure.SpringBootDependencyInjectionTestExecutionListener@731efdfb, org.springframework.test.context.support.DirtiesContextTestExecutionListener@4696c721, org.springframework.test.context.transaction.TransactionalTestExecutionListener@6c2bdbc5, org.springframework.test.context.jdbc.SqlScriptsTestExecutionListener@99f51ff, org.springframework.boot.test.autoconfigure.restdocs.RestDocsTestExecutionListener@d6a9412, org.springframework.boot.test.autoconfigure.web.client.MockRestServiceServerResetTestExecutionListener@7db5e551, org.springframework.boot.test.autoconfigure.web.servlet.MockMvcPrintOnlyOnFailureTestExecutionListener@4f72fcd1, org.springframework.boot.test.autoconfigure.web.servlet.WebDriverTestExecutionListener@3c115c69, org.springframework.boot.test.mock.mockito.ResetMocksTestExecutionListener@650285fd]
16:34:37.124 [Test worker] DEBUG org.springframework.test.annotation.ProfileValueUtils - Retrieved @ProfileValueSourceConfiguration [null] for test class [com.krcombasic.ipe.springboot.domain.posts.PostsRepositoryTest]
16:34:37.124 [Test worker] DEBUG org.springframework.test.annotation.ProfileValueUtils - Retrieved ProfileValueSource type [class org.springframework.test.annotation.SystemProfileValueSource] for class [com.krcombasic.ipe.springboot.domain.posts.PostsRepositoryTest]
16:34:37.140 [Test worker] DEBUG org.springframework.test.annotation.ProfileValueUtils - Retrieved @ProfileValueSourceConfiguration [null] for test class [com.krcombasic.ipe.springboot.domain.posts.PostsRepositoryTest]
16:34:37.140 [Test worker] DEBUG org.springframework.test.annotation.ProfileValueUtils - Retrieved ProfileValueSource type [class org.springframework.test.annotation.SystemProfileValueSource] for class [com.krcombasic.ipe.springboot.domain.posts.PostsRepositoryTest]
16:34:37.140 [Test worker] DEBUG org.springframework.test.annotation.ProfileValueUtils - Retrieved @ProfileValueSourceConfiguration [null] for test class [com.krcombasic.ipe.springboot.domain.posts.PostsRepositoryTest]
16:34:37.140 [Test worker] DEBUG org.springframework.test.annotation.ProfileValueUtils - Retrieved ProfileValueSource type [class org.springframework.test.annotation.SystemProfileValueSource] for class [com.krcombasic.ipe.springboot.domain.posts.PostsRepositoryTest]
16:34:37.155 [Test worker] DEBUG org.springframework.test.context.support.AbstractDirtiesContextTestExecutionListener - Before test class: context [DefaultTestContext@19fe5484 testClass = PostsRepositoryTest, testInstance = [null], testMethod = [null], testException = [null], mergedContextConfiguration = [WebMergedContextConfiguration@21438976 testClass = PostsRepositoryTest, locations = '{}', classes = '{class com.krcombasic.ipe.springboot.Application}', contextInitializerClasses = '[]', activeProfiles = '{}', propertySourceLocations = '{}', propertySourceProperties = '{org.springframework.boot.test.context.SpringBootTestContextBootstrapper=true}', contextCustomizers = set[org.springframework.boot.test.autoconfigure.properties.PropertyMappingContextCustomizer@0, org.springframework.boot.test.autoconfigure.web.servlet.WebDriverContextCustomizerFactory$Customizer@12fb080c, org.springframework.boot.test.context.filter.ExcludeFilterContextCustomizer@6c8438e, org.springframework.boot.test.json.DuplicateJsonObjectContextCustomizerFactory$DuplicateJsonObjectContextCustomizer@723a0552, org.springframework.boot.test.mock.mockito.MockitoContextCustomizer@0, org.springframework.boot.test.web.client.TestRestTemplateContextCustomizer@200f6a72], resourceBasePath = 'src/main/webapp', contextLoader = 'org.springframework.boot.test.context.SpringBootContextLoader', parent = [null]], attributes = map['org.springframework.test.context.web.ServletTestExecutionListener.activateListener' -> true]], class annotated with @DirtiesContext [false] with mode [null].
16:34:37.155 [Test worker] DEBUG org.springframework.test.annotation.ProfileValueUtils - Retrieved @ProfileValueSourceConfiguration [null] for test class [com.krcombasic.ipe.springboot.domain.posts.PostsRepositoryTest]
16:34:37.171 [Test worker] DEBUG org.springframework.test.annotation.ProfileValueUtils - Retrieved ProfileValueSource type [class org.springframework.test.annotation.SystemProfileValueSource] for class [com.krcombasic.ipe.springboot.domain.posts.PostsRepositoryTest]
16:34:37.218 [Test worker] DEBUG org.springframework.test.context.support.TestPropertySourceUtils - Adding inlined properties to environment: {spring.jmx.enabled=false, org.springframework.boot.test.context.SpringBootTestContextBootstrapper=true, server.port=-1}

  .   ____          _            __ _ _
 /\\ / ___'_ __ _ _(_)_ __  __ _ \ \ \ \
( ( )\___ | '_ | '_| | '_ \/ _` | \ \ \ \
 \\/  ___)| |_)| | | | | || (_| |  ) ) ) )
  '  |____| .__|_| |_|_| |_\__, | / / / /
 =========|_|==============|___/=/_/_/_/
 :: Spring Boot ::        (v2.1.9.RELEASE)

2021-06-18 16:34:38.468  INFO 9512 --- [    Test worker] c.k.i.s.d.posts.PostsRepositoryTest      : Starting PostsRepositoryTest on DESKTOP-KIK68L9 with PID 9512 (started by goo3b in C:\Users\goo3b\Desktop\krcombasic)
2021-06-18 16:34:38.483  INFO 9512 --- [    Test worker] c.k.i.s.d.posts.PostsRepositoryTest      : No active profile set, falling back to default profiles: default
2021-06-18 16:34:41.561  INFO 9512 --- [    Test worker] .s.d.r.c.RepositoryConfigurationDelegate : Bootstrapping Spring Data repositories in DEFAULT mode.
2021-06-18 16:34:41.718  INFO 9512 --- [    Test worker] .s.d.r.c.RepositoryConfigurationDelegate : Finished Spring Data repository scanning in 141ms. Found 1 repository interfaces.
2021-06-18 16:34:42.827  INFO 9512 --- [    Test worker] trationDelegate$BeanPostProcessorChecker : Bean 'org.springframework.transaction.annotation.ProxyTransactionManagementConfiguration' of type [org.springframework.transaction.annotation.ProxyTransactionManagementConfiguration$$EnhancerBySpringCGLIB$$f8e7c53f] is not eligible for getting processed by all BeanPostProcessors (for example: not eligible for auto-proxying)
2021-06-18 16:34:43.514  INFO 9512 --- [    Test worker] com.zaxxer.hikari.HikariDataSource       : HikariPool-1 - Starting...
2021-06-18 16:34:43.967  INFO 9512 --- [    Test worker] com.zaxxer.hikari.HikariDataSource       : HikariPool-1 - Start completed.
2021-06-18 16:34:44.233  INFO 9512 --- [    Test worker] o.hibernate.jpa.internal.util.LogHelper  : HHH000204: Processing PersistenceUnitInfo [
	name: default
	...]
2021-06-18 16:34:44.483  INFO 9512 --- [    Test worker] org.hibernate.Version                    : HHH000412: Hibernate Core {5.3.12.Final}
2021-06-18 16:34:44.483  INFO 9512 --- [    Test worker] org.hibernate.cfg.Environment            : HHH000206: hibernate.properties not found
2021-06-18 16:34:45.108  INFO 9512 --- [    Test worker] o.hibernate.annotations.common.Version   : HCANN000001: Hibernate Commons Annotations {5.0.4.Final}
2021-06-18 16:34:45.670  INFO 9512 --- [    Test worker] org.hibernate.dialect.Dialect            : HHH000400: Using dialect: org.hibernate.dialect.MySQL5Dialect
Hibernate: drop table if exists posts
Hibernate: create table posts (id bigint not null auto_increment, author varchar(255), content TEXT not null, title varchar(500) not null, primary key (id)) engine=MyISAM
2021-06-18 16:34:47.389  INFO 9512 --- [    Test worker] o.h.t.schema.internal.SchemaCreatorImpl  : HHH000476: Executing import script 'org.hibernate.tool.schema.internal.exec.ScriptSourceInputNonExistentImpl@7b3c999b'
2021-06-18 16:34:47.389  INFO 9512 --- [    Test worker] j.LocalContainerEntityManagerFactoryBean : Initialized JPA EntityManagerFactory for persistence unit 'default'
2021-06-18 16:34:49.858  INFO 9512 --- [    Test worker] o.s.s.concurrent.ThreadPoolTaskExecutor  : Initializing ExecutorService 'applicationTaskExecutor'
2021-06-18 16:34:50.029  WARN 9512 --- [    Test worker] aWebConfiguration$JpaWebMvcConfiguration : spring.jpa.open-in-view is enabled by default. Therefore, database queries may be performed during view rendering. Explicitly configure spring.jpa.open-in-view to disable this warning
2021-06-18 16:34:50.889  INFO 9512 --- [    Test worker] c.k.i.s.d.posts.PostsRepositoryTest      : Started PostsRepositoryTest in 13.656 seconds (JVM running for 16.904)
Hibernate: insert into posts (author, content, title) values (?, ?, ?)
2021-06-18 16:34:51.404  INFO 9512 --- [    Test worker] o.h.h.i.QueryTranslatorFactoryInitiator  : HHH000397: Using ASTQueryTranslatorFactory
Hibernate: select posts0_.id as id1_0_, posts0_.author as author2_0_, posts0_.content as content3_0_, posts0_.title as title4_0_ from posts posts0_
Hibernate: select posts0_.id as id1_0_, posts0_.author as author2_0_, posts0_.content as content3_0_, posts0_.title as title4_0_ from posts posts0_
Hibernate: delete from posts where id=?
]]></system-out>
  <system-err><![CDATA[]]></system-err>
</testsuite>
