<?xml version="1.0" encoding="UTF-8"?>
<testsuite name="com.krcombasic.ipe.springboot.web.IndexControllerTest" tests="1" skipped="0" failures="0" errors="0" timestamp="2021-06-25T06:11:17" hostname="DESKTOP-KIK68L9" time="0.762">
  <properties/>
  <testcase name="메인페이지_로딩" classname="com.krcombasic.ipe.springboot.web.IndexControllerTest" time="0.762"/>
  <system-out><![CDATA[15:11:00.571 [Test worker] DEBUG org.springframework.test.context.junit4.SpringJUnit4ClassRunner - SpringJUnit4ClassRunner constructor called with [class com.krcombasic.ipe.springboot.web.IndexControllerTest]
15:11:00.597 [Test worker] DEBUG org.springframework.test.context.BootstrapUtils - Instantiating CacheAwareContextLoaderDelegate from class [org.springframework.test.context.cache.DefaultCacheAwareContextLoaderDelegate]
15:11:00.624 [Test worker] DEBUG org.springframework.test.context.BootstrapUtils - Instantiating BootstrapContext using constructor [public org.springframework.test.context.support.DefaultBootstrapContext(java.lang.Class,org.springframework.test.context.CacheAwareContextLoaderDelegate)]
15:11:00.686 [Test worker] DEBUG org.springframework.test.context.BootstrapUtils - Instantiating TestContextBootstrapper for test class [com.krcombasic.ipe.springboot.web.IndexControllerTest] from class [org.springframework.boot.test.context.SpringBootTestContextBootstrapper]
15:11:00.719 [Test worker] INFO org.springframework.boot.test.context.SpringBootTestContextBootstrapper - Neither @ContextConfiguration nor @ContextHierarchy found for test class [com.krcombasic.ipe.springboot.web.IndexControllerTest], using SpringBootContextLoader
15:11:00.733 [Test worker] DEBUG org.springframework.test.context.support.AbstractContextLoader - Did not detect default resource location for test class [com.krcombasic.ipe.springboot.web.IndexControllerTest]: class path resource [com/krcombasic/ipe/springboot/web/IndexControllerTest-context.xml] does not exist
15:11:00.751 [Test worker] DEBUG org.springframework.test.context.support.AbstractContextLoader - Did not detect default resource location for test class [com.krcombasic.ipe.springboot.web.IndexControllerTest]: class path resource [com/krcombasic/ipe/springboot/web/IndexControllerTestContext.groovy] does not exist
15:11:00.754 [Test worker] INFO org.springframework.test.context.support.AbstractContextLoader - Could not detect default resource locations for test class [com.krcombasic.ipe.springboot.web.IndexControllerTest]: no resource found for suffixes {-context.xml, Context.groovy}.
15:11:00.764 [Test worker] INFO org.springframework.test.context.support.AnnotationConfigContextLoaderUtils - Could not detect default configuration classes for test class [com.krcombasic.ipe.springboot.web.IndexControllerTest]: IndexControllerTest does not declare any static, non-private, non-final, nested classes annotated with @Configuration.
15:11:00.906 [Test worker] DEBUG org.springframework.test.context.support.ActiveProfilesUtils - Could not find an 'annotation declaring class' for annotation type [org.springframework.test.context.ActiveProfiles] and class [com.krcombasic.ipe.springboot.web.IndexControllerTest]
15:11:01.179 [Test worker] DEBUG org.springframework.context.annotation.ClassPathScanningCandidateComponentProvider - Identified candidate component class: file [C:\Users\goo3b\Desktop\krcombasic\build\classes\java\main\com\krcombasic\ipe\springboot\Application.class]
15:11:01.197 [Test worker] INFO org.springframework.boot.test.context.SpringBootTestContextBootstrapper - Found @SpringBootConfiguration com.krcombasic.ipe.springboot.Application for test class com.krcombasic.ipe.springboot.web.IndexControllerTest
15:11:01.450 [Test worker] DEBUG org.springframework.boot.test.context.SpringBootTestContextBootstrapper - @TestExecutionListeners is not present for class [com.krcombasic.ipe.springboot.web.IndexControllerTest]: using defaults.
15:11:01.453 [Test worker] INFO org.springframework.boot.test.context.SpringBootTestContextBootstrapper - Loaded default TestExecutionListener class names from location [META-INF/spring.factories]: [org.springframework.boot.test.autoconfigure.restdocs.RestDocsTestExecutionListener, org.springframework.boot.test.autoconfigure.web.client.MockRestServiceServerResetTestExecutionListener, org.springframework.boot.test.autoconfigure.web.servlet.MockMvcPrintOnlyOnFailureTestExecutionListener, org.springframework.boot.test.autoconfigure.web.servlet.WebDriverTestExecutionListener, org.springframework.boot.test.mock.mockito.MockitoTestExecutionListener, org.springframework.boot.test.mock.mockito.ResetMocksTestExecutionListener, org.springframework.test.context.web.ServletTestExecutionListener, org.springframework.test.context.support.DirtiesContextBeforeModesTestExecutionListener, org.springframework.test.context.support.DependencyInjectionTestExecutionListener, org.springframework.test.context.support.DirtiesContextTestExecutionListener, org.springframework.test.context.transaction.TransactionalTestExecutionListener, org.springframework.test.context.jdbc.SqlScriptsTestExecutionListener]
15:11:01.501 [Test worker] INFO org.springframework.boot.test.context.SpringBootTestContextBootstrapper - Using TestExecutionListeners: [org.springframework.test.context.web.ServletTestExecutionListener@355ccb07, org.springframework.test.context.support.DirtiesContextBeforeModesTestExecutionListener@ba37eef, org.springframework.boot.test.mock.mockito.MockitoTestExecutionListener@e59ca64, org.springframework.boot.test.autoconfigure.SpringBootDependencyInjectionTestExecutionListener@1cb3896b, org.springframework.test.context.support.DirtiesContextTestExecutionListener@4f647d09, org.springframework.test.context.transaction.TransactionalTestExecutionListener@5f20360c, org.springframework.test.context.jdbc.SqlScriptsTestExecutionListener@1f6acd66, org.springframework.boot.test.autoconfigure.restdocs.RestDocsTestExecutionListener@1f12f731, org.springframework.boot.test.autoconfigure.web.client.MockRestServiceServerResetTestExecutionListener@73724def, org.springframework.boot.test.autoconfigure.web.servlet.MockMvcPrintOnlyOnFailureTestExecutionListener@2d3c95db, org.springframework.boot.test.autoconfigure.web.servlet.WebDriverTestExecutionListener@64f46ce7, org.springframework.boot.test.mock.mockito.ResetMocksTestExecutionListener@6cd7a437]
15:11:01.516 [Test worker] DEBUG org.springframework.test.annotation.ProfileValueUtils - Retrieved @ProfileValueSourceConfiguration [null] for test class [com.krcombasic.ipe.springboot.web.IndexControllerTest]
15:11:01.517 [Test worker] DEBUG org.springframework.test.annotation.ProfileValueUtils - Retrieved ProfileValueSource type [class org.springframework.test.annotation.SystemProfileValueSource] for class [com.krcombasic.ipe.springboot.web.IndexControllerTest]
15:11:01.557 [Test worker] DEBUG org.springframework.test.annotation.ProfileValueUtils - Retrieved @ProfileValueSourceConfiguration [null] for test class [com.krcombasic.ipe.springboot.web.IndexControllerTest]
15:11:01.561 [Test worker] DEBUG org.springframework.test.annotation.ProfileValueUtils - Retrieved ProfileValueSource type [class org.springframework.test.annotation.SystemProfileValueSource] for class [com.krcombasic.ipe.springboot.web.IndexControllerTest]
15:11:01.565 [Test worker] DEBUG org.springframework.test.annotation.ProfileValueUtils - Retrieved @ProfileValueSourceConfiguration [null] for test class [com.krcombasic.ipe.springboot.web.IndexControllerTest]
15:11:01.570 [Test worker] DEBUG org.springframework.test.annotation.ProfileValueUtils - Retrieved ProfileValueSource type [class org.springframework.test.annotation.SystemProfileValueSource] for class [com.krcombasic.ipe.springboot.web.IndexControllerTest]
15:11:01.583 [Test worker] DEBUG org.springframework.test.context.support.AbstractDirtiesContextTestExecutionListener - Before test class: context [DefaultTestContext@21afd2c testClass = IndexControllerTest, testInstance = [null], testMethod = [null], testException = [null], mergedContextConfiguration = [WebMergedContextConfiguration@3caa8fb7 testClass = IndexControllerTest, locations = '{}', classes = '{class com.krcombasic.ipe.springboot.Application}', contextInitializerClasses = '[]', activeProfiles = '{}', propertySourceLocations = '{}', propertySourceProperties = '{org.springframework.boot.test.context.SpringBootTestContextBootstrapper=true, server.port=0}', contextCustomizers = set[org.springframework.boot.test.autoconfigure.properties.PropertyMappingContextCustomizer@0, org.springframework.boot.test.autoconfigure.web.servlet.WebDriverContextCustomizerFactory$Customizer@7a9657c7, org.springframework.boot.test.context.filter.ExcludeFilterContextCustomizer@12cfa892, org.springframework.boot.test.json.DuplicateJsonObjectContextCustomizerFactory$DuplicateJsonObjectContextCustomizer@551c4adb, org.springframework.boot.test.mock.mockito.MockitoContextCustomizer@0, org.springframework.boot.test.web.client.TestRestTemplateContextCustomizer@2a24ef90], resourceBasePath = 'src/main/webapp', contextLoader = 'org.springframework.boot.test.context.SpringBootContextLoader', parent = [null]], attributes = map['org.springframework.test.context.web.ServletTestExecutionListener.activateListener' -> false]], class annotated with @DirtiesContext [false] with mode [null].
15:11:01.597 [Test worker] DEBUG org.springframework.test.annotation.ProfileValueUtils - Retrieved @ProfileValueSourceConfiguration [null] for test class [com.krcombasic.ipe.springboot.web.IndexControllerTest]
15:11:01.599 [Test worker] DEBUG org.springframework.test.annotation.ProfileValueUtils - Retrieved ProfileValueSource type [class org.springframework.test.annotation.SystemProfileValueSource] for class [com.krcombasic.ipe.springboot.web.IndexControllerTest]
15:11:01.613 [Test worker] DEBUG org.springframework.test.context.support.DependencyInjectionTestExecutionListener - Performing dependency injection for test context [[DefaultTestContext@21afd2c testClass = IndexControllerTest, testInstance = com.krcombasic.ipe.springboot.web.IndexControllerTest@41611013, testMethod = [null], testException = [null], mergedContextConfiguration = [WebMergedContextConfiguration@3caa8fb7 testClass = IndexControllerTest, locations = '{}', classes = '{class com.krcombasic.ipe.springboot.Application}', contextInitializerClasses = '[]', activeProfiles = '{}', propertySourceLocations = '{}', propertySourceProperties = '{org.springframework.boot.test.context.SpringBootTestContextBootstrapper=true, server.port=0}', contextCustomizers = set[org.springframework.boot.test.autoconfigure.properties.PropertyMappingContextCustomizer@0, org.springframework.boot.test.autoconfigure.web.servlet.WebDriverContextCustomizerFactory$Customizer@7a9657c7, org.springframework.boot.test.context.filter.ExcludeFilterContextCustomizer@12cfa892, org.springframework.boot.test.json.DuplicateJsonObjectContextCustomizerFactory$DuplicateJsonObjectContextCustomizer@551c4adb, org.springframework.boot.test.mock.mockito.MockitoContextCustomizer@0, org.springframework.boot.test.web.client.TestRestTemplateContextCustomizer@2a24ef90], resourceBasePath = 'src/main/webapp', contextLoader = 'org.springframework.boot.test.context.SpringBootContextLoader', parent = [null]], attributes = map['org.springframework.test.context.web.ServletTestExecutionListener.activateListener' -> false]]].
15:11:01.665 [Test worker] DEBUG org.springframework.test.context.support.TestPropertySourceUtils - Adding inlined properties to environment: {spring.jmx.enabled=false, org.springframework.boot.test.context.SpringBootTestContextBootstrapper=true, server.port=0}

  .   ____          _            __ _ _
 /\\ / ___'_ __ _ _(_)_ __  __ _ \ \ \ \
( ( )\___ | '_ | '_| | '_ \/ _` | \ \ \ \
 \\/  ___)| |_)| | | | | || (_| |  ) ) ) )
  '  |____| .__|_| |_|_| |_\__, | / / / /
 =========|_|==============|___/=/_/_/_/
 :: Spring Boot ::        (v2.1.9.RELEASE)

2021-06-25 15:11:03.079  INFO 11300 --- [    Test worker] c.k.i.s.web.IndexControllerTest          : Starting IndexControllerTest on DESKTOP-KIK68L9 with PID 11300 (started by goo3b in C:\Users\goo3b\Desktop\krcombasic)
2021-06-25 15:11:03.083  INFO 11300 --- [    Test worker] c.k.i.s.web.IndexControllerTest          : No active profile set, falling back to default profiles: default
2021-06-25 15:11:06.573  INFO 11300 --- [    Test worker] .s.d.r.c.RepositoryConfigurationDelegate : Bootstrapping Spring Data repositories in DEFAULT mode.
2021-06-25 15:11:06.764  INFO 11300 --- [    Test worker] .s.d.r.c.RepositoryConfigurationDelegate : Finished Spring Data repository scanning in 170ms. Found 1 repository interfaces.
2021-06-25 15:11:07.952  INFO 11300 --- [    Test worker] trationDelegate$BeanPostProcessorChecker : Bean 'org.springframework.transaction.annotation.ProxyTransactionManagementConfiguration' of type [org.springframework.transaction.annotation.ProxyTransactionManagementConfiguration$$EnhancerBySpringCGLIB$$435dd927] is not eligible for getting processed by all BeanPostProcessors (for example: not eligible for auto-proxying)
2021-06-25 15:11:09.196  INFO 11300 --- [    Test worker] o.s.b.w.embedded.tomcat.TomcatWebServer  : Tomcat initialized with port(s): 0 (http)
2021-06-25 15:11:09.297  INFO 11300 --- [    Test worker] o.apache.catalina.core.StandardService   : Starting service [Tomcat]
2021-06-25 15:11:09.299  INFO 11300 --- [    Test worker] org.apache.catalina.core.StandardEngine  : Starting Servlet engine: [Apache Tomcat/9.0.26]
2021-06-25 15:11:09.790  INFO 11300 --- [    Test worker] o.a.c.c.C.[Tomcat].[localhost].[/]       : Initializing Spring embedded WebApplicationContext
2021-06-25 15:11:09.790  INFO 11300 --- [    Test worker] o.s.web.context.ContextLoader            : Root WebApplicationContext: initialization completed in 6538 ms
2021-06-25 15:11:10.561  INFO 11300 --- [    Test worker] com.zaxxer.hikari.HikariDataSource       : HikariPool-1 - Starting...
2021-06-25 15:11:11.033  INFO 11300 --- [    Test worker] com.zaxxer.hikari.HikariDataSource       : HikariPool-1 - Start completed.
2021-06-25 15:11:11.353  INFO 11300 --- [    Test worker] o.hibernate.jpa.internal.util.LogHelper  : HHH000204: Processing PersistenceUnitInfo [
	name: default
	...]
2021-06-25 15:11:11.543  INFO 11300 --- [    Test worker] org.hibernate.Version                    : HHH000412: Hibernate Core {5.3.12.Final}
2021-06-25 15:11:11.548  INFO 11300 --- [    Test worker] org.hibernate.cfg.Environment            : HHH000206: hibernate.properties not found
2021-06-25 15:11:12.022  INFO 11300 --- [    Test worker] o.hibernate.annotations.common.Version   : HCANN000001: Hibernate Commons Annotations {5.0.4.Final}
2021-06-25 15:11:12.511  INFO 11300 --- [    Test worker] org.hibernate.dialect.Dialect            : HHH000400: Using dialect: org.hibernate.dialect.MySQL5Dialect
Hibernate: drop table if exists posts
Hibernate: create table posts (id bigint not null auto_increment, created_date datetime, modified_date datetime, author varchar(255), content TEXT not null, title varchar(500) not null, primary key (id)) engine=MyISAM
2021-06-25 15:11:14.549  INFO 11300 --- [    Test worker] o.h.t.schema.internal.SchemaCreatorImpl  : HHH000476: Executing import script 'org.hibernate.tool.schema.internal.exec.ScriptSourceInputNonExistentImpl@62517995'
2021-06-25 15:11:14.557  INFO 11300 --- [    Test worker] j.LocalContainerEntityManagerFactoryBean : Initialized JPA EntityManagerFactory for persistence unit 'default'
2021-06-25 15:11:16.422  INFO 11300 --- [    Test worker] o.s.s.concurrent.ThreadPoolTaskExecutor  : Initializing ExecutorService 'applicationTaskExecutor'
2021-06-25 15:11:16.586  WARN 11300 --- [    Test worker] aWebConfiguration$JpaWebMvcConfiguration : spring.jpa.open-in-view is enabled by default. Therefore, database queries may be performed during view rendering. Explicitly configure spring.jpa.open-in-view to disable this warning
2021-06-25 15:11:16.735  INFO 11300 --- [    Test worker] o.s.b.a.w.s.WelcomePageHandlerMapping    : Adding welcome page template: index
2021-06-25 15:11:17.677  INFO 11300 --- [    Test worker] o.s.b.w.embedded.tomcat.TomcatWebServer  : Tomcat started on port(s): 61398 (http) with context path ''
2021-06-25 15:11:17.690  INFO 11300 --- [    Test worker] c.k.i.s.web.IndexControllerTest          : Started IndexControllerTest in 16.018 seconds (JVM running for 19.605)
2021-06-25 15:11:18.168  INFO 11300 --- [o-auto-1-exec-1] o.a.c.c.C.[Tomcat].[localhost].[/]       : Initializing Spring DispatcherServlet 'dispatcherServlet'
2021-06-25 15:11:18.169  INFO 11300 --- [o-auto-1-exec-1] o.s.web.servlet.DispatcherServlet        : Initializing Servlet 'dispatcherServlet'
2021-06-25 15:11:18.224  INFO 11300 --- [o-auto-1-exec-1] o.s.web.servlet.DispatcherServlet        : Completed initialization in 55 ms
]]></system-out>
  <system-err><![CDATA[]]></system-err>
</testsuite>
