<?xml version="1.0" encoding="UTF-8"?>
<testsuite name="com.krcombasic.ipe.springboot.web.dto.HelloResponseDtoTest" tests="1" skipped="0" failures="0" errors="0" timestamp="2021-06-16T07:10:08" hostname="DESKTOP-KIK68L9" time="0.141">
  <properties/>
  <testcase name="롬복_기능_테스트" classname="com.krcombasic.ipe.springboot.web.dto.HelloResponseDtoTest" time="0.141"/>
  <system-out><![CDATA[]]></system-out>
  <system-err><![CDATA[]]></system-err>
</testsuite>
